This is XeTeX, Version 3.141592653-2.6-0.999996 (TeX Live 2024) (preloaded format=xelatex 2024.5.17)  20 MAR 2026 16:52
entering extended mode
 restricted \write18 enabled.
 %&-line parsing enabled.
**QMS-EN.tex
(./QMS-EN.tex
LaTeX2e <2023-11-01> patch level 1
L3 programming layer <2024-02-20>
(/usr/local/texlive/2024/texmf-dist/tex/latex/base/book.cls
Document Class: book 2023/05/17 v1.4n Standard LaTeX document class
(/usr/local/texlive/2024/texmf-dist/tex/latex/base/bk10.clo
File: bk10.clo 2023/05/17 v1.4n Standard LaTeX file (size option)
)
\c@part=\count184
\c@chapter=\count185
\c@section=\count186
\c@subsection=\count187
\c@subsubsection=\count188
\c@paragraph=\count189
\c@subparagraph=\count190
\c@figure=\count191
\c@table=\count192
\abovecaptionskip=\skip48
\belowcaptionskip=\skip49
\bibindent=\dimen140
) (/usr/local/texlive/2024/texmf-dist/tex/latex/xcolor/xcolor.sty
Package: xcolor 2023/11/15 v3.01 LaTeX color extensions (UK)
(/usr/local/texlive/2024/texmf-dist/tex/latex/graphics-cfg/color.cfg
File: color.cfg 2016/01/02 v1.6 sample color configuration
)
Package xcolor Info: Driver file: xetex.def on input line 274.
(/usr/local/texlive/2024/texmf-dist/tex/latex/graphics-def/xetex.def
File: xetex.def 2022/09/22 v5.0n Graphics/color driver for xetex
) (/usr/local/texlive/2024/texmf-dist/tex/latex/graphics/mathcolor.ltx)
Package xcolor Info: Model `cmy' substituted by `cmy0' on input line 1350.
Package xcolor Info: Model `RGB' extended on input line 1366.
Package xcolor Info: Model `HTML' substituted by `rgb' on input line 1368.
Package xcolor Info: Model `Hsb' substituted by `hsb' on input line 1369.
Package xcolor Info: Model `tHsb' substituted by `hsb' on input line 1370.
Package xcolor Info: Model `HSB' substituted by `hsb' on input line 1371.
Package xcolor Info: Model `Gray' substituted by `gray' on input line 1372.
Package xcolor Info: Model `wave' substituted by `hsb' on input line 1373.
) (/usr/local/texlive/2024/texmf-dist/tex/latex/amsmath/amsmath.sty
Package: amsmath 2023/05/13 v2.17o AMS math features
\@mathmargin=\skip50
For additional information on amsmath, use the `?' option.
(/usr/local/texlive/2024/texmf-dist/tex/latex/amsmath/amstext.sty
Package: amstext 2021/08/26 v2.01 AMS text
(/usr/local/texlive/2024/texmf-dist/tex/latex/amsmath/amsgen.sty
File: amsgen.sty 1999/11/30 v2.0 generic functions
\@emptytoks=\toks17
\ex@=\dimen141
)) (/usr/local/texlive/2024/texmf-dist/tex/latex/amsmath/amsbsy.sty
Package: amsbsy 1999/11/29 v1.2d Bold Symbols
\pmbraise@=\dimen142
) (/usr/local/texlive/2024/texmf-dist/tex/latex/amsmath/amsopn.sty
Package: amsopn 2022/04/08 v2.04 operator names
)
\inf@bad=\count193
LaTeX Info: Redefining \frac on input line 234.
\uproot@=\count194
\leftroot@=\count195
LaTeX Info: Redefining \overline on input line 399.
LaTeX Info: Redefining \colon on input line 410.
\classnum@=\count196
\DOTSCASE@=\count197
LaTeX Info: Redefining \ldots on input line 496.
LaTeX Info: Redefining \dots on input line 499.
LaTeX Info: Redefining \cdots on input line 620.
\Mathstrutbox@=\box51
\strutbox@=\box52
LaTeX Info: Redefining \big on input line 722.
LaTeX Info: Redefining \Big on input line 723.
LaTeX Info: Redefining \bigg on input line 724.
LaTeX Info: Redefining \Bigg on input line 725.
\big@size=\dimen143
LaTeX Font Info:    Redeclaring font encoding OML on input line 743.
LaTeX Font Info:    Redeclaring font encoding OMS on input line 744.
\macc@depth=\count198
LaTeX Info: Redefining \bmod on input line 905.
LaTeX Info: Redefining \pmod on input line 910.
LaTeX Info: Redefining \smash on input line 940.
LaTeX Info: Redefining \relbar on input line 970.
LaTeX Info: Redefining \Relbar on input line 971.
\c@MaxMatrixCols=\count199
\dotsspace@=\muskip16
\c@parentequation=\count266
\dspbrk@lvl=\count267
\tag@help=\toks18
\row@=\count268
\column@=\count269
\maxfields@=\count270
\andhelp@=\toks19
\eqnshift@=\dimen144
\alignsep@=\dimen145
\tagshift@=\dimen146
\tagwidth@=\dimen147
\totwidth@=\dimen148
\lineht@=\dimen149
\@envbody=\toks20
\multlinegap=\skip51
\multlinetaggap=\skip52
\mathdisplay@stack=\toks21
LaTeX Info: Redefining \[ on input line 2953.
LaTeX Info: Redefining \] on input line 2954.
) (/usr/local/texlive/2024/texmf-dist/tex/latex/amsfonts/amssymb.sty
Package: amssymb 2013/01/14 v3.01 AMS font symbols
(/usr/local/texlive/2024/texmf-dist/tex/latex/amsfonts/amsfonts.sty
Package: amsfonts 2013/01/14 v3.01 Basic AMSFonts support
\symAMSa=\mathgroup4
\symAMSb=\mathgroup5
LaTeX Font Info:    Redeclaring math symbol \hbar on input line 98.
LaTeX Font Info:    Overwriting math alphabet `\mathfrak' in version `bold'
(Font)                  U/euf/m/n --> U/euf/b/n on input line 106.
)) (/usr/local/texlive/2024/texmf-dist/tex/generic/iftex/iftex.sty
Package: iftex 2022/02/03 v1.0f TeX engine tests
) (/usr/local/texlive/2024/texmf-dist/tex/latex/unicode-math/unicode-math.sty (
/usr/local/texlive/2024/texmf-dist/tex/latex/l3kernel/expl3.sty
Package: expl3 2024-02-20 L3 programming layer (loader) 
(/usr/local/texlive/2024/texmf-dist/tex/latex/l3backend/l3backend-xetex.def
File: l3backend-xetex.def 2024-02-20 L3 backend support: XeTeX
\g__graphics_track_int=\count271
\l__pdf_internal_box=\box53
\g__pdf_backend_object_int=\count272
\g__pdf_backend_annotation_int=\count273
\g__pdf_backend_link_int=\count274
))
Package: unicode-math 2023/08/13 v0.8r Unicode maths in XeLaTeX and LuaLaTeX

(/usr/local/texlive/2024/texmf-dist/tex/latex/unicode-math/unicode-math-xetex.s
ty
Package: unicode-math-xetex 2023/08/13 v0.8r Unicode maths in XeLaTeX and LuaLa
TeX
(/usr/local/texlive/2024/texmf-dist/tex/latex/l3packages/xparse/xparse.sty
Package: xparse 2024-02-18 L3 Experimental document command parser
) (/usr/local/texlive/2024/texmf-dist/tex/latex/l3packages/l3keys2e/l3keys2e.st
y
Package: l3keys2e 2024-02-18 LaTeX2e option processing using LaTeX3 keys
) (/usr/local/texlive/2024/texmf-dist/tex/latex/fontspec/fontspec.sty
Package: fontspec 2024/02/13 v2.9a Font selection for XeLaTeX and LuaLaTeX
(/usr/local/texlive/2024/texmf-dist/tex/latex/fontspec/fontspec-xetex.sty
Package: fontspec-xetex 2024/02/13 v2.9a Font selection for XeLaTeX and LuaLaTe
X
\l__fontspec_script_int=\count275
\l__fontspec_language_int=\count276
\l__fontspec_strnum_int=\count277
\l__fontspec_tmp_int=\count278
\l__fontspec_tmpa_int=\count279
\l__fontspec_tmpb_int=\count280
\l__fontspec_tmpc_int=\count281
\l__fontspec_em_int=\count282
\l__fontspec_emdef_int=\count283
\l__fontspec_strong_int=\count284
\l__fontspec_strongdef_int=\count285
\l__fontspec_tmpa_dim=\dimen150
\l__fontspec_tmpb_dim=\dimen151
\l__fontspec_tmpc_dim=\dimen152
(/usr/local/texlive/2024/texmf-dist/tex/latex/base/fontenc.sty
Package: fontenc 2021/04/29 v2.0v Standard LaTeX package
) (/usr/local/texlive/2024/texmf-dist/tex/latex/fontspec/fontspec.cfg))) (/usr/
local/texlive/2024/texmf-dist/tex/latex/base/fix-cm.sty
Package: fix-cm 2020/11/24 v1.1t fixes to LaTeX
(/usr/local/texlive/2024/texmf-dist/tex/latex/base/ts1enc.def
File: ts1enc.def 2001/06/05 v3.0e (jk/car/fm) Standard LaTeX file
LaTeX Font Info:    Redeclaring font encoding TS1 on input line 47.
))
\g__um_fam_int=\count286
\g__um_fonts_used_int=\count287
\l__um_primecount_int=\count288
\g__um_primekern_muskip=\muskip17

(/usr/local/texlive/2024/texmf-dist/tex/latex/unicode-math/unicode-math-table.t
ex))) (/usr/local/texlive/2024/texmf-dist/tex/latex/lm/lmodern.sty
Package: lmodern 2015/05/01 v1.6.1 Latin Modern Fonts
LaTeX Font Info:    Overwriting symbol font `operators' in version `normal'
(Font)                  OT1/cmr/m/n --> OT1/lmr/m/n on input line 22.
LaTeX Font Info:    Overwriting symbol font `letters' in version `normal'
(Font)                  OML/cmm/m/it --> OML/lmm/m/it on input line 23.
LaTeX Font Info:    Overwriting symbol font `symbols' in version `normal'
(Font)                  OMS/cmsy/m/n --> OMS/lmsy/m/n on input line 24.
LaTeX Font Info:    Overwriting symbol font `largesymbols' in version `normal'
(Font)                  OMX/cmex/m/n --> OMX/lmex/m/n on input line 25.
LaTeX Font Info:    Overwriting symbol font `operators' in version `bold'
(Font)                  OT1/cmr/bx/n --> OT1/lmr/bx/n on input line 26.
LaTeX Font Info:    Overwriting symbol font `letters' in version `bold'
(Font)                  OML/cmm/b/it --> OML/lmm/b/it on input line 27.
LaTeX Font Info:    Overwriting symbol font `symbols' in version `bold'
(Font)                  OMS/cmsy/b/n --> OMS/lmsy/b/n on input line 28.
LaTeX Font Info:    Overwriting symbol font `largesymbols' in version `bold'
(Font)                  OMX/cmex/m/n --> OMX/lmex/m/n on input line 29.
LaTeX Font Info:    Overwriting math alphabet `\mathbf' in version `normal'
(Font)                  OT1/cmr/bx/n --> OT1/lmr/bx/n on input line 31.
LaTeX Font Info:    Overwriting math alphabet `\mathsf' in version `normal'
(Font)                  OT1/cmss/m/n --> OT1/lmss/m/n on input line 32.
LaTeX Font Info:    Overwriting math alphabet `\mathit' in version `normal'
(Font)                  OT1/cmr/m/it --> OT1/lmr/m/it on input line 33.
LaTeX Font Info:    Overwriting math alphabet `\mathtt' in version `normal'
(Font)                  OT1/cmtt/m/n --> OT1/lmtt/m/n on input line 34.
LaTeX Font Info:    Overwriting math alphabet `\mathbf' in version `bold'
(Font)                  OT1/cmr/bx/n --> OT1/lmr/bx/n on input line 35.
LaTeX Font Info:    Overwriting math alphabet `\mathsf' in version `bold'
(Font)                  OT1/cmss/bx/n --> OT1/lmss/bx/n on input line 36.
LaTeX Font Info:    Overwriting math alphabet `\mathit' in version `bold'
(Font)                  OT1/cmr/bx/it --> OT1/lmr/bx/it on input line 37.
LaTeX Font Info:    Overwriting math alphabet `\mathtt' in version `bold'
(Font)                  OT1/cmtt/m/n --> OT1/lmtt/m/n on input line 38.
) (/usr/local/texlive/2024/texmf-dist/tex/latex/upquote/upquote.sty
Package: upquote 2012/04/19 v1.3 upright-quote and grave-accent glyphs in verba
tim
(/usr/local/texlive/2024/texmf-dist/tex/latex/base/textcomp.sty
Package: textcomp 2020/02/02 v2.0n Standard LaTeX package
)) (/usr/local/texlive/2024/texmf-dist/tex/latex/microtype/microtype.sty
Package: microtype 2023/03/13 v3.1a Micro-typographical refinements (RS)
(/usr/local/texlive/2024/texmf-dist/tex/latex/graphics/keyval.sty
Package: keyval 2022/05/29 v1.15 key=value parser (DPC)
\KV@toks@=\toks22
) (/usr/local/texlive/2024/texmf-dist/tex/latex/etoolbox/etoolbox.sty
Package: etoolbox 2020/10/05 v2.5k e-TeX tools for LaTeX (JAW)
\etb@tempcnta=\count289
)
\MT@toks=\toks23
\MT@tempbox=\box54
\MT@count=\count290
LaTeX Info: Redefining \noprotrusionifhmode on input line 1059.
LaTeX Info: Redefining \leftprotrusion on input line 1060.
\MT@prot@toks=\toks24
LaTeX Info: Redefining \rightprotrusion on input line 1078.
LaTeX Info: Redefining \textls on input line 1368.
\MT@outer@kern=\dimen153
LaTeX Info: Redefining \textmicrotypecontext on input line 1988.
\MT@listname@count=\count291
(/usr/local/texlive/2024/texmf-dist/tex/latex/microtype/microtype-xetex.def
File: microtype-xetex.def 2023/03/13 v3.1a Definitions specific to xetex (RS)
LaTeX Info: Redefining \lsstyle on input line 238.
)
Package microtype Info: Loading configuration file microtype.cfg.
(/usr/local/texlive/2024/texmf-dist/tex/latex/microtype/microtype.cfg
File: microtype.cfg 2023/03/13 v3.1a microtype main configuration file (RS)
)) (/usr/local/texlive/2024/texmf-dist/tex/latex/parskip/parskip.sty
Package: parskip 2021-03-14 v2.0h non-zero parskip adjustments
(/usr/local/texlive/2024/texmf-dist/tex/latex/kvoptions/kvoptions.sty
Package: kvoptions 2022-06-15 v3.15 Key value format for package options (HO)
(/usr/local/texlive/2024/texmf-dist/tex/generic/ltxcmds/ltxcmds.sty
Package: ltxcmds 2023-12-04 v1.26 LaTeX kernel commands for general use (HO)
) (/usr/local/texlive/2024/texmf-dist/tex/latex/kvsetkeys/kvsetkeys.sty
Package: kvsetkeys 2022-10-05 v1.19 Key value parser (HO)
))) (/usr/local/texlive/2024/texmf-dist/tex/latex/fancyvrb/fancyvrb.sty
Package: fancyvrb 2024/01/20 4.5c verbatim text (tvz,hv)
\FV@CodeLineNo=\count292
\FV@InFile=\read2
\FV@TabBox=\box55
\c@FancyVerbLine=\count293
\FV@StepNumber=\count294
\FV@OutFile=\write3
) (/usr/local/texlive/2024/texmf-dist/tex/latex/framed/framed.sty
Package: framed 2011/10/22 v 0.96: framed or shaded text with page breaks
\OuterFrameSep=\skip53
\fb@frw=\dimen154
\fb@frh=\dimen155
\FrameRule=\dimen156
\FrameSep=\dimen157
) (/usr/local/texlive/2024/texmf-dist/tex/latex/tools/longtable.sty
Package: longtable 2023-11-01 v4.19 Multi-page Table package (DPC)
\LTleft=\skip54
\LTright=\skip55
\LTpre=\skip56
\LTpost=\skip57
\LTchunksize=\count295
\LTcapwidth=\dimen158
\LT@head=\box56
\LT@firsthead=\box57
\LT@foot=\box58
\LT@lastfoot=\box59
\LT@gbox=\box60
\LT@cols=\count296
\LT@rows=\count297
\c@LT@tables=\count298
\c@LT@chunks=\count299
\LT@p@ftn=\toks25
) (/usr/local/texlive/2024/texmf-dist/tex/latex/booktabs/booktabs.sty
Package: booktabs 2020/01/12 v1.61803398 Publication quality tables
\heavyrulewidth=\dimen159
\lightrulewidth=\dimen160
\cmidrulewidth=\dimen161
\belowrulesep=\dimen162
\belowbottomsep=\dimen163
\aboverulesep=\dimen164
\abovetopsep=\dimen165
\cmidrulesep=\dimen166
\cmidrulekern=\dimen167
\defaultaddspace=\dimen168
\@cmidla=\count300
\@cmidlb=\count301
\@aboverulesep=\dimen169
\@belowrulesep=\dimen170
\@thisruleclass=\count302
\@lastruleclass=\count303
\@thisrulewidth=\dimen171
) (/usr/local/texlive/2024/texmf-dist/tex/latex/tools/array.sty
Package: array 2023/10/16 v2.5g Tabular extension package (FMi)
\col@sep=\dimen172
\ar@mcellbox=\box61
\extrarowheight=\dimen173
\NC@list=\toks26
\extratabsurround=\skip58
\backup@length=\skip59
\ar@cellbox=\box62
) (/usr/local/texlive/2024/texmf-dist/tex/latex/tools/calc.sty
Package: calc 2023/07/08 v4.3 Infix arithmetic (KKT,FJ)
\calc@Acount=\count304
\calc@Bcount=\count305
\calc@Adimen=\dimen174
\calc@Bdimen=\dimen175
\calc@Askip=\skip60
\calc@Bskip=\skip61
LaTeX Info: Redefining \setlength on input line 80.
LaTeX Info: Redefining \addtolength on input line 81.
\calc@Ccount=\count306
\calc@Cskip=\skip62
) (/usr/local/texlive/2024/texmf-dist/tex/latex/footnotehyper/footnotehyper.sty
Package: footnotehyper 2021/08/13 v1.1e hyperref aware footnote.sty (JFB)
\FNH@notes=\box63
\FNH@width=\dimen176
\FNH@toks=\toks27
) (/usr/local/texlive/2024/texmf-dist/tex/latex/graphics/graphicx.sty
Package: graphicx 2021/09/16 v1.2d Enhanced LaTeX Graphics (DPC,SPQR)
(/usr/local/texlive/2024/texmf-dist/tex/latex/graphics/graphics.sty
Package: graphics 2022/03/10 v1.4e Standard LaTeX Graphics (DPC,SPQR)
(/usr/local/texlive/2024/texmf-dist/tex/latex/graphics/trig.sty
Package: trig 2021/08/11 v1.11 sin cos tan (DPC)
) (/usr/local/texlive/2024/texmf-dist/tex/latex/graphics-cfg/graphics.cfg
File: graphics.cfg 2016/06/04 v1.11 sample graphics configuration
)
Package graphics Info: Driver file: xetex.def on input line 107.
)
\Gin@req@height=\dimen177
\Gin@req@width=\dimen178
)
\pandoc@box=\box64
(/usr/local/texlive/2024/texmf-dist/tex/latex/natbib/natbib.sty
Package: natbib 2010/09/13 8.31b (PWD, AO)
\bibhang=\skip63
\bibsep=\skip64
LaTeX Info: Redefining \cite on input line 694.
\c@NAT@ctr=\count307
) (/usr/local/texlive/2024/texmf-dist/tex/latex/amscls/amsthm.sty
Package: amsthm 2020/05/29 v2.20.6
\thm@style=\toks28
\thm@bodyfont=\toks29
\thm@headfont=\toks30
\thm@notefont=\toks31
\thm@headpunct=\toks32
\thm@preskip=\skip65
\thm@postskip=\skip66
\thm@headsep=\skip67
\dth@everypar=\toks33
) (/usr/local/texlive/2024/texmf-dist/tex/latex/bookmark/bookmark.sty
Package: bookmark 2023-12-10 v1.31 PDF bookmarks (HO)
(/usr/local/texlive/2024/texmf-dist/tex/latex/hyperref/hyperref.sty
Package: hyperref 2024-01-20 v7.01h Hypertext links for LaTeX
(/usr/local/texlive/2024/texmf-dist/tex/generic/kvdefinekeys/kvdefinekeys.sty
Package: kvdefinekeys 2019-12-19 v1.6 Define keys (HO)
) (/usr/local/texlive/2024/texmf-dist/tex/generic/pdfescape/pdfescape.sty
Package: pdfescape 2019/12/09 v1.15 Implements pdfTeX's escape features (HO)
(/usr/local/texlive/2024/texmf-dist/tex/generic/pdftexcmds/pdftexcmds.sty
Package: pdftexcmds 2020-06-27 v0.33 Utility functions of pdfTeX for LuaTeX (HO
)
(/usr/local/texlive/2024/texmf-dist/tex/generic/infwarerr/infwarerr.sty
Package: infwarerr 2019/12/03 v1.5 Providing info/warning/error messages (HO)
)
Package pdftexcmds Info: \pdf@primitive is available.
Package pdftexcmds Info: \pdf@ifprimitive is available.
Package pdftexcmds Info: \pdfdraftmode not found.
)) (/usr/local/texlive/2024/texmf-dist/tex/latex/hycolor/hycolor.sty
Package: hycolor 2020-01-27 v1.10 Color options for hyperref/bookmark (HO)
) (/usr/local/texlive/2024/texmf-dist/tex/latex/auxhook/auxhook.sty
Package: auxhook 2019-12-17 v1.6 Hooks for auxiliary files (HO)
) (/usr/local/texlive/2024/texmf-dist/tex/latex/hyperref/nameref.sty
Package: nameref 2023-11-26 v2.56 Cross-referencing by name of section
(/usr/local/texlive/2024/texmf-dist/tex/latex/refcount/refcount.sty
Package: refcount 2019/12/15 v3.6 Data extraction from label references (HO)
)
(/usr/local/texlive/2024/texmf-dist/tex/generic/gettitlestring/gettitlestring.s
ty
Package: gettitlestring 2019/12/15 v1.6 Cleanup title references (HO)
)
\c@section@level=\count308
)
\@linkdim=\dimen179
\Hy@linkcounter=\count309
\Hy@pagecounter=\count310
(/usr/local/texlive/2024/texmf-dist/tex/latex/hyperref/pd1enc.def
File: pd1enc.def 2024-01-20 v7.01h Hyperref: PDFDocEncoding definition (HO)
) (/usr/local/texlive/2024/texmf-dist/tex/generic/intcalc/intcalc.sty
Package: intcalc 2019/12/15 v1.3 Expandable calculations with integers (HO)
)
\Hy@SavedSpaceFactor=\count311
(/usr/local/texlive/2024/texmf-dist/tex/latex/hyperref/puenc.def
File: puenc.def 2024-01-20 v7.01h Hyperref: PDF Unicode definition (HO)
)
Package hyperref Info: Option `unicode' set `true' on input line 4062.
Package hyperref Info: Hyper figures OFF on input line 4179.
Package hyperref Info: Link nesting OFF on input line 4184.
Package hyperref Info: Hyper index ON on input line 4187.
Package hyperref Info: Plain pages OFF on input line 4194.
Package hyperref Info: Backreferencing OFF on input line 4199.
Package hyperref Info: Implicit mode ON; LaTeX internals redefined.
Package hyperref Info: Bookmarks ON on input line 4446.
\c@Hy@tempcnt=\count312
(/usr/local/texlive/2024/texmf-dist/tex/latex/url/url.sty
\Urlmuskip=\muskip18
Package: url 2013/09/16  ver 3.4  Verb mode for urls, etc.
)
LaTeX Info: Redefining \url on input line 4784.
\XeTeXLinkMargin=\dimen180
(/usr/local/texlive/2024/texmf-dist/tex/generic/bitset/bitset.sty
Package: bitset 2019/12/09 v1.3 Handle bit-vector datatype (HO)
(/usr/local/texlive/2024/texmf-dist/tex/generic/bigintcalc/bigintcalc.sty
Package: bigintcalc 2019/12/15 v1.5 Expandable calculations on big integers (HO
)
))
\Fld@menulength=\count313
\Field@Width=\dimen181
\Fld@charsize=\dimen182
Package hyperref Info: Hyper figures OFF on input line 6063.
Package hyperref Info: Link nesting OFF on input line 6068.
Package hyperref Info: Hyper index ON on input line 6071.
Package hyperref Info: backreferencing OFF on input line 6078.
Package hyperref Info: Link coloring OFF on input line 6083.
Package hyperref Info: Link coloring with OCG OFF on input line 6088.
Package hyperref Info: PDF/A mode OFF on input line 6093.
(/usr/local/texlive/2024/texmf-dist/tex/latex/base/atbegshi-ltx.sty
Package: atbegshi-ltx 2021/01/10 v1.0c Emulation of the original atbegshi
package with kernel methods
)
\Hy@abspage=\count314
\c@Item=\count315
\c@Hfootnote=\count316
)
Package hyperref Info: Driver (autodetected): hxetex.
(/usr/local/texlive/2024/texmf-dist/tex/latex/hyperref/hxetex.def
File: hxetex.def 2024-01-20 v7.01h Hyperref driver for XeTeX
(/usr/local/texlive/2024/texmf-dist/tex/generic/stringenc/stringenc.sty
Package: stringenc 2019/11/29 v1.12 Convert strings between diff. encodings (HO
)
)
\pdfm@box=\box65
\c@Hy@AnnotLevel=\count317
\HyField@AnnotCount=\count318
\Fld@listcount=\count319
\c@bookmark@seq@number=\count320

(/usr/local/texlive/2024/texmf-dist/tex/latex/rerunfilecheck/rerunfilecheck.sty
Package: rerunfilecheck 2022-07-10 v1.10 Rerun checks for auxiliary files (HO)
(/usr/local/texlive/2024/texmf-dist/tex/latex/base/atveryend-ltx.sty
Package: atveryend-ltx 2020/08/19 v1.0a Emulation of the original atveryend pac
kage
with kernel methods
)
(/usr/local/texlive/2024/texmf-dist/tex/generic/uniquecounter/uniquecounter.sty
Package: uniquecounter 2019/12/15 v1.4 Provide unlimited unique counter (HO)
)
Package uniquecounter Info: New unique counter `rerunfilecheck' on input line 2
85.
)
\Hy@SectionHShift=\skip68
) (/usr/local/texlive/2024/texmf-dist/tex/latex/bookmark/bkm-dvipdfm.def
File: bkm-dvipdfm.def 2023-12-10 v1.31 bookmark driver for dvipdfm (HO)
\BKM@id=\count321
)) (/usr/local/texlive/2024/texmf-dist/tex/latex/xurl/xurl.sty
Package: xurl 2022/01/09 v 0.10 modify URL breaks
) (./QMS-EN.aux

LaTeX Warning: Label `eq:t-onesampleCI' multiply defined.

)
\openout1 = `QMS-EN.aux'.

LaTeX Font Info:    Checking defaults for OML/cmm/m/it on input line 129.
LaTeX Font Info:    ... okay on input line 129.
LaTeX Font Info:    Checking defaults for OMS/cmsy/m/n on input line 129.
LaTeX Font Info:    ... okay on input line 129.
LaTeX Font Info:    Checking defaults for OT1/cmr/m/n on input line 129.
LaTeX Font Info:    ... okay on input line 129.
LaTeX Font Info:    Checking defaults for T1/cmr/m/n on input line 129.
LaTeX Font Info:    ... okay on input line 129.
LaTeX Font Info:    Checking defaults for TS1/cmr/m/n on input line 129.
LaTeX Font Info:    ... okay on input line 129.
LaTeX Font Info:    Checking defaults for TU/lmr/m/n on input line 129.
LaTeX Font Info:    ... okay on input line 129.
LaTeX Font Info:    Checking defaults for OMX/cmex/m/n on input line 129.
LaTeX Font Info:    ... okay on input line 129.
LaTeX Font Info:    Checking defaults for U/cmr/m/n on input line 129.
LaTeX Font Info:    ... okay on input line 129.
LaTeX Font Info:    Checking defaults for PD1/pdf/m/n on input line 129.
LaTeX Font Info:    ... okay on input line 129.
LaTeX Font Info:    Checking defaults for PU/pdf/m/n on input line 129.
LaTeX Font Info:    ... okay on input line 129.
LaTeX Font Info:    Overwriting math alphabet `\mathrm' in version `normal'
(Font)                  OT1/lmr/m/n --> TU/lmr/m/n on input line 129.
LaTeX Font Info:    Overwriting math alphabet `\mathit' in version `normal'
(Font)                  OT1/lmr/m/it --> TU/lmr/m/it on input line 129.
LaTeX Font Info:    Overwriting math alphabet `\mathbf' in version `normal'
(Font)                  OT1/lmr/bx/n --> TU/lmr/bx/n on input line 129.
LaTeX Font Info:    Overwriting math alphabet `\mathsf' in version `normal'
(Font)                  OT1/lmss/m/n --> TU/lmss/m/n on input line 129.
LaTeX Font Info:    Overwriting math alphabet `\mathsf' in version `bold'
(Font)                  OT1/lmss/bx/n --> TU/lmss/bx/n on input line 129.
LaTeX Font Info:    Overwriting math alphabet `\mathtt' in version `normal'
(Font)                  OT1/lmtt/m/n --> TU/lmtt/m/n on input line 129.
LaTeX Font Info:    Overwriting math alphabet `\mathtt' in version `bold'
(Font)                  OT1/lmtt/m/n --> TU/lmtt/bx/n on input line 129.

Package fontspec Info: latinmodern-math scale = 0.9999964596882403.


Package fontspec Info: latinmodern-math scale = 0.9999964596882403.


Package fontspec Info: latinmodern-math scale = 0.9999964596882403.


Package fontspec Info: Font family 'latinmodern-math.otf(0)' created for font
(fontspec)             'latinmodern-math.otf' with options
(fontspec)             [Scale=MatchLowercase,BoldItalicFont={},ItalicFont={},Sm
allCapsFont={},Script=Math,BoldFont={latinmodern-math.otf}].
(fontspec)              
(fontspec)              This font family consists of the following NFSS
(fontspec)             series/shapes:
(fontspec)              
(fontspec)             - 'normal' (m/n) with NFSS spec.:
(fontspec)             <->s*[0.9999964596882403]"[latinmodern-math.otf]/OT:scri
pt=math;language=dflt;"
(fontspec)             - 'small caps'  (m/sc) with NFSS spec.: 
(fontspec)             - 'bold' (b/n) with NFSS spec.:
(fontspec)             <->s*[0.9999964596882403]"[latinmodern-math.otf]/OT:scri
pt=math;language=dflt;"
(fontspec)             - 'bold small caps'  (b/sc) with NFSS spec.: 

LaTeX Font Info:    Font shape `TU/latinmodern-math.otf(0)/m/n' will be
(Font)              scaled to size 10.0pt on input line 129.

Package fontspec Info: latinmodern-math scale = 0.9999964596882403.


Package fontspec Info: latinmodern-math scale = 0.9999964596882403.


Package fontspec Info: latinmodern-math scale = 0.9999964596882403.


Package fontspec Info: latinmodern-math scale = 0.9999964596882403.


Package fontspec Info: latinmodern-math scale = 0.9999964596882403.


Package fontspec Info: Font family 'latinmodern-math.otf(1)' created for font
(fontspec)             'latinmodern-math.otf' with options
(fontspec)             [Scale=MatchLowercase,BoldItalicFont={},ItalicFont={},Sm
allCapsFont={},Script=Math,SizeFeatures={{Size=8.5-},{Size=6-8.5,Font=latinmode
rn-math.otf,Style=MathScript},{Size=-6,Font=latinmodern-math.otf,Style=MathScri
ptScript}},BoldFont={latinmodern-math.otf}].
(fontspec)              
(fontspec)              This font family consists of the following NFSS
(fontspec)             series/shapes:
(fontspec)              
(fontspec)             - 'normal' (m/n) with NFSS spec.:
(fontspec)             <8.5->s*[0.9999964596882403]"[latinmodern-math.otf]/OT:s
cript=math;language=dflt;"<6-8.5>s*[0.9999964596882403]"[latinmodern-math.otf]/
OT:script=math;language=dflt;+ssty=0;"<-6>s*[0.9999964596882403]"[latinmodern-m
ath.otf]/OT:script=math;language=dflt;+ssty=1;"
(fontspec)             - 'small caps'  (m/sc) with NFSS spec.: 
(fontspec)             - 'bold' (b/n) with NFSS spec.:
(fontspec)             <->s*[0.9999964596882403]"[latinmodern-math.otf]/OT:scri
pt=math;language=dflt;"
(fontspec)             - 'bold small caps'  (b/sc) with NFSS spec.: 

LaTeX Font Info:    Font shape `TU/latinmodern-math.otf(1)/m/n' will be
(Font)              scaled to size 10.0pt on input line 129.
LaTeX Font Info:    Encoding `OT1' has changed to `TU' for symbol font
(Font)              `operators' in the math version `normal' on input line 129.

LaTeX Font Info:    Overwriting symbol font `operators' in version `normal'
(Font)                  OT1/lmr/m/n --> TU/latinmodern-math.otf(1)/m/n on input
 line 129.
LaTeX Font Info:    Encoding `OT1' has changed to `TU' for symbol font
(Font)              `operators' in the math version `bold' on input line 129.
LaTeX Font Info:    Overwriting symbol font `operators' in version `bold'
(Font)                  OT1/lmr/bx/n --> TU/latinmodern-math.otf(1)/b/n on inpu
t line 129.

Package fontspec Info: latinmodern-math scale = 0.9999964596882403.


Package fontspec Info: latinmodern-math scale = 1.000096459334209.


Package fontspec Info: latinmodern-math scale = 0.9999964596882403.


Package fontspec Info: latinmodern-math scale = 1.000096459334209.


Package fontspec Info: latinmodern-math scale = 0.9999964596882403.


Package fontspec Info: latinmodern-math scale = 1.000096459334209.


Package fontspec Info: latinmodern-math scale = 0.9999964596882403.


Package fontspec Info: latinmodern-math scale = 1.000096459334209.


Package fontspec Info: latinmodern-math scale = 0.9999964596882403.


Package fontspec Info: latinmodern-math scale = 1.000096459334209.


Package fontspec Info: Font family 'latinmodern-math.otf(2)' created for font
(fontspec)             'latinmodern-math.otf' with options
(fontspec)             [Scale=MatchLowercase,BoldItalicFont={},ItalicFont={},Sm
allCapsFont={},Script=Math,SizeFeatures={{Size=8.5-},{Size=6-8.5,Font=latinmode
rn-math.otf,Style=MathScript},{Size=-6,Font=latinmodern-math.otf,Style=MathScri
ptScript}},BoldFont={latinmodern-math.otf},ScaleAgain=1.0001,FontAdjustment={\f
ontdimen
(fontspec)             8\font =6.77pt\relax \fontdimen 9\font =3.94pt\relax
(fontspec)             \fontdimen 10\font =4.44pt\relax \fontdimen 11\font
(fontspec)             =6.86pt\relax \fontdimen 12\font =3.45pt\relax
(fontspec)             \fontdimen 13\font =3.63pt\relax \fontdimen 14\font
(fontspec)             =3.63pt\relax \fontdimen 15\font =2.89pt\relax
(fontspec)             \fontdimen 16\font =2.47pt\relax \fontdimen 17\font
(fontspec)             =2.47pt\relax \fontdimen 18\font =2.5pt\relax
(fontspec)             \fontdimen 19\font =2.0pt\relax \fontdimen 22\font
(fontspec)             =2.5pt\relax \fontdimen 20\font =0pt\relax \fontdimen
(fontspec)             21\font =0pt\relax }].
(fontspec)              
(fontspec)              This font family consists of the following NFSS
(fontspec)             series/shapes:
(fontspec)              
(fontspec)             - 'normal' (m/n) with NFSS spec.:
(fontspec)             <8.5->s*[1.000096459334209]"[latinmodern-math.otf]/OT:sc
ript=math;language=dflt;"<6-8.5>s*[1.000096459334209]"[latinmodern-math.otf]/OT
:script=math;language=dflt;+ssty=0;"<-6>s*[1.000096459334209]"[latinmodern-math
.otf]/OT:script=math;language=dflt;+ssty=1;"
(fontspec)             - 'small caps'  (m/sc) with NFSS spec.: 
(fontspec)             and font adjustment code:
(fontspec)             \fontdimen 8\font =6.77pt\relax \fontdimen 9\font
(fontspec)             =3.94pt\relax \fontdimen 10\font =4.44pt\relax
(fontspec)             \fontdimen 11\font =6.86pt\relax \fontdimen 12\font
(fontspec)             =3.45pt\relax \fontdimen 13\font =3.63pt\relax
(fontspec)             \fontdimen 14\font =3.63pt\relax \fontdimen 15\font
(fontspec)             =2.89pt\relax \fontdimen 16\font =2.47pt\relax
(fontspec)             \fontdimen 17\font =2.47pt\relax \fontdimen 18\font
(fontspec)             =2.5pt\relax \fontdimen 19\font =2.0pt\relax \fontdimen
(fontspec)             22\font =2.5pt\relax \fontdimen 20\font =0pt\relax
(fontspec)             \fontdimen 21\font =0pt\relax 
(fontspec)             - 'bold' (b/n) with NFSS spec.:
(fontspec)             <->s*[1.000096459334209]"[latinmodern-math.otf]/OT:scrip
t=math;language=dflt;"
(fontspec)             - 'bold small caps'  (b/sc) with NFSS spec.: 
(fontspec)             and font adjustment code:
(fontspec)             \fontdimen 8\font =6.77pt\relax \fontdimen 9\font
(fontspec)             =3.94pt\relax \fontdimen 10\font =4.44pt\relax
(fontspec)             \fontdimen 11\font =6.86pt\relax \fontdimen 12\font
(fontspec)             =3.45pt\relax \fontdimen 13\font =3.63pt\relax
(fontspec)             \fontdimen 14\font =3.63pt\relax \fontdimen 15\font
(fontspec)             =2.89pt\relax \fontdimen 16\font =2.47pt\relax
(fontspec)             \fontdimen 17\font =2.47pt\relax \fontdimen 18\font
(fontspec)             =2.5pt\relax \fontdimen 19\font =2.0pt\relax \fontdimen
(fontspec)             22\font =2.5pt\relax \fontdimen 20\font =0pt\relax
(fontspec)             \fontdimen 21\font =0pt\relax 

LaTeX Font Info:    Encoding `OMS' has changed to `TU' for symbol font
(Font)              `symbols' in the math version `normal' on input line 129.
LaTeX Font Info:    Overwriting symbol font `symbols' in version `normal'
(Font)                  OMS/lmsy/m/n --> TU/latinmodern-math.otf(2)/m/n on inpu
t line 129.
LaTeX Font Info:    Encoding `OMS' has changed to `TU' for symbol font
(Font)              `symbols' in the math version `bold' on input line 129.
LaTeX Font Info:    Overwriting symbol font `symbols' in version `bold'
(Font)                  OMS/lmsy/b/n --> TU/latinmodern-math.otf(2)/b/n on inpu
t line 129.

Package fontspec Info: latinmodern-math scale = 0.9999964596882403.


Package fontspec Info: latinmodern-math scale = 0.9998964600422715.


Package fontspec Info: latinmodern-math scale = 0.9999964596882403.


Package fontspec Info: latinmodern-math scale = 0.9998964600422715.


Package fontspec Info: latinmodern-math scale = 0.9999964596882403.


Package fontspec Info: latinmodern-math scale = 0.9998964600422715.


Package fontspec Info: latinmodern-math scale = 0.9999964596882403.


Package fontspec Info: latinmodern-math scale = 0.9998964600422715.


Package fontspec Info: latinmodern-math scale = 0.9999964596882403.


Package fontspec Info: latinmodern-math scale = 0.9998964600422715.


Package fontspec Info: Font family 'latinmodern-math.otf(3)' created for font
(fontspec)             'latinmodern-math.otf' with options
(fontspec)             [Scale=MatchLowercase,BoldItalicFont={},ItalicFont={},Sm
allCapsFont={},Script=Math,SizeFeatures={{Size=8.5-},{Size=6-8.5,Font=latinmode
rn-math.otf,Style=MathScript},{Size=-6,Font=latinmodern-math.otf,Style=MathScri
ptScript}},BoldFont={latinmodern-math.otf},ScaleAgain=0.9999,FontAdjustment={\f
ontdimen
(fontspec)             8\font =0.4pt\relax \fontdimen 9\font =2.0pt\relax
(fontspec)             \fontdimen 10\font =1.67pt\relax \fontdimen 11\font
(fontspec)             =1.11pt\relax \fontdimen 12\font =6.0pt\relax
(fontspec)             \fontdimen 13\font =0pt\relax }].
(fontspec)              
(fontspec)              This font family consists of the following NFSS
(fontspec)             series/shapes:
(fontspec)              
(fontspec)             - 'normal' (m/n) with NFSS spec.:
(fontspec)             <8.5->s*[0.9998964600422715]"[latinmodern-math.otf]/OT:s
cript=math;language=dflt;"<6-8.5>s*[0.9998964600422715]"[latinmodern-math.otf]/
OT:script=math;language=dflt;+ssty=0;"<-6>s*[0.9998964600422715]"[latinmodern-m
ath.otf]/OT:script=math;language=dflt;+ssty=1;"
(fontspec)             - 'small caps'  (m/sc) with NFSS spec.: 
(fontspec)             and font adjustment code:
(fontspec)             \fontdimen 8\font =0.4pt\relax \fontdimen 9\font
(fontspec)             =2.0pt\relax \fontdimen 10\font =1.67pt\relax
(fontspec)             \fontdimen 11\font =1.11pt\relax \fontdimen 12\font
(fontspec)             =6.0pt\relax \fontdimen 13\font =0pt\relax 
(fontspec)             - 'bold' (b/n) with NFSS spec.:
(fontspec)             <->s*[0.9998964600422715]"[latinmodern-math.otf]/OT:scri
pt=math;language=dflt;"
(fontspec)             - 'bold small caps'  (b/sc) with NFSS spec.: 
(fontspec)             and font adjustment code:
(fontspec)             \fontdimen 8\font =0.4pt\relax \fontdimen 9\font
(fontspec)             =2.0pt\relax \fontdimen 10\font =1.67pt\relax
(fontspec)             \fontdimen 11\font =1.11pt\relax \fontdimen 12\font
(fontspec)             =6.0pt\relax \fontdimen 13\font =0pt\relax 

LaTeX Font Info:    Encoding `OMX' has changed to `TU' for symbol font
(Font)              `largesymbols' in the math version `normal' on input line 1
29.
LaTeX Font Info:    Overwriting symbol font `largesymbols' in version `normal'
(Font)                  OMX/lmex/m/n --> TU/latinmodern-math.otf(3)/m/n on inpu
t line 129.
LaTeX Font Info:    Encoding `OMX' has changed to `TU' for symbol font
(Font)              `largesymbols' in the math version `bold' on input line 129
.
LaTeX Font Info:    Overwriting symbol font `largesymbols' in version `bold'
(Font)                  OMX/lmex/m/n --> TU/latinmodern-math.otf(3)/b/n on inpu
t line 129.
LaTeX Info: Redefining \microtypecontext on input line 129.
Package microtype Info: Applying patch `item' on input line 129.
Package microtype Info: Applying patch `toc' on input line 129.
Package microtype Info: Applying patch `eqnum' on input line 129.
Package microtype Info: Applying patch `footnote' on input line 129.
Package microtype Info: Applying patch `verbatim' on input line 129.
Package microtype Info: Character protrusion enabled (level 2).
Package microtype Info: Using protrusion set `basicmath'.
Package microtype Info: No adjustment of tracking.
Package microtype Info: No adjustment of spacing.
Package microtype Info: No adjustment of kerning.

(/usr/local/texlive/2024/texmf-dist/tex/latex/microtype/mt-LatinModernRoman.cfg
File: mt-LatinModernRoman.cfg 2021/02/21 v1.1 microtype config. file: Latin Mod
ern Roman (RS)
)
Package hyperref Info: Link coloring OFF on input line 129.
LaTeX Font Info:    Font shape `TU/latinmodern-math.otf(1)/m/n' will be
(Font)              scaled to size 12.0pt on input line 131.
LaTeX Font Info:    Font shape `TU/latinmodern-math.otf(1)/m/n' will be
(Font)              scaled to size 8.0pt on input line 131.
LaTeX Font Info:    Font shape `TU/latinmodern-math.otf(1)/m/n' will be
(Font)              scaled to size 6.0pt on input line 131.
LaTeX Font Info:    Trying to load font information for OML+lmm on input line 1
31.
(/usr/local/texlive/2024/texmf-dist/tex/latex/lm/omllmm.fd
File: omllmm.fd 2015/05/01 v1.6.1 Font defs for Latin Modern
)
LaTeX Font Info:    Font shape `TU/latinmodern-math.otf(2)/m/n' will be
(Font)              scaled to size 12.0011pt on input line 131.
LaTeX Font Info:    Font shape `TU/latinmodern-math.otf(2)/m/n' will be
(Font)              scaled to size 8.00073pt on input line 131.
LaTeX Font Info:    Font shape `TU/latinmodern-math.otf(2)/m/n' will be
(Font)              scaled to size 6.00055pt on input line 131.
LaTeX Font Info:    Font shape `TU/latinmodern-math.otf(3)/m/n' will be
(Font)              scaled to size 11.99872pt on input line 131.
LaTeX Font Info:    Font shape `TU/latinmodern-math.otf(3)/m/n' will be
(Font)              scaled to size 7.99915pt on input line 131.
LaTeX Font Info:    Font shape `TU/latinmodern-math.otf(3)/m/n' will be
(Font)              scaled to size 5.99936pt on input line 131.
LaTeX Font Info:    Trying to load font information for U+msa on input line 131
.
(/usr/local/texlive/2024/texmf-dist/tex/latex/amsfonts/umsa.fd
File: umsa.fd 2013/01/14 v3.01 AMS symbols A
) (/usr/local/texlive/2024/texmf-dist/tex/latex/microtype/mt-msa.cfg
File: mt-msa.cfg 2006/02/04 v1.1 microtype config. file: AMS symbols (a) (RS)
)
LaTeX Font Info:    Trying to load font information for U+msb on input line 131
.
(/usr/local/texlive/2024/texmf-dist/tex/latex/amsfonts/umsb.fd
File: umsb.fd 2013/01/14 v3.01 AMS symbols B
) (/usr/local/texlive/2024/texmf-dist/tex/latex/microtype/mt-msb.cfg
File: mt-msb.cfg 2005/06/01 v1.0 microtype config. file: AMS symbols (b) (RS)
) [1


] [2

] (./QMS-EN.toc
LaTeX Font Info:    Font shape `TU/latinmodern-math.otf(1)/m/n' will be
(Font)              scaled to size 7.0pt on input line 2.
LaTeX Font Info:    Font shape `TU/latinmodern-math.otf(1)/m/n' will be
(Font)              scaled to size 5.0pt on input line 2.
LaTeX Font Info:    Font shape `TU/latinmodern-math.otf(2)/m/n' will be
(Font)              scaled to size 10.00092pt on input line 2.
LaTeX Font Info:    Font shape `TU/latinmodern-math.otf(2)/m/n' will be
(Font)              scaled to size 7.00064pt on input line 2.
LaTeX Font Info:    Font shape `TU/latinmodern-math.otf(2)/m/n' will be
(Font)              scaled to size 5.00046pt on input line 2.
LaTeX Font Info:    Font shape `TU/latinmodern-math.otf(3)/m/n' will be
(Font)              scaled to size 9.99893pt on input line 2.
LaTeX Font Info:    Font shape `TU/latinmodern-math.otf(3)/m/n' will be
(Font)              scaled to size 6.99925pt on input line 2.
LaTeX Font Info:    Font shape `TU/latinmodern-math.otf(3)/m/n' will be
(Font)              scaled to size 4.99947pt on input line 2.
[3] [4] [5])
\tf@toc=\write4
\openout4 = `QMS-EN.toc'.

[6] [7

] [8] [9] [10

] [11] [12]
Chapter 1.
[13

] [14] [15] [16] [17] [18] [19] [20] [21] [22]
Chapter 2.
[23

] [24] [25] [26] [27] [28] [29] [30] [31] [32] [33] [34] [35] [36] [37] [38

]
Chapter 3.
[39] [40] [41] [42] [43] [44] [45] [46] [47] [48]
Chapter 4.
[49

] [50] [51] [52]
Chapter 5.
[53

] [54] [55] [56] [57] [58] [59] [60] [61] [62]
Underfull \hbox (badness 10000) in paragraph at lines 1023--1028

 []

[63] [64] [65] [66] [67] [68] [69] [70] [71] [72]
Chapter 6.
[73

]
Underfull \vbox (badness 5862) has occurred while \output is active []

[74] [75] [76] [77] [78] [79] [80] [81]
File: figures/DrakeBenElHeni2003Fig2.pdf Graphic file (type pdf)
<use figures/DrakeBenElHeni2003Fig2.pdf>

Overfull \hbox (499.95467pt too wide) in paragraph at lines 1383--1384
 [][] 
 []


LaTeX Warning: Float too large for page by 83.93053pt on input line 1388.

[82] [83] [84] [85]
Underfull \vbox (badness 10000) has occurred while \output is active []

[86] [87] [88]
Chapter 7.
[89

] [90] [91] [92] [93]
Underfull \hbox (badness 10000) in paragraph at lines 1587--1590

 []

[94]
LaTeX Font Info:    Font shape `TU/lmtt/bx/n' in size <10> not available
(Font)              Font shape `TU/lmtt/b/n' tried instead on input line 1606.

Underfull \vbox (badness 2828) has occurred while \output is active []

[95] [96] [97] [98

] [99] [100]
Chapter 8.
[101

] [102] [103]
Underfull \hbox (badness 10000) in paragraph at lines 1822--1826

 []


Underfull \hbox (badness 2529) in paragraph at lines 1835--1836
\TU/lmr/m/n/10 Check the option \TU/lmtt/m/n/10 Frequency tables (nominal and o
rdinal variables)
 []

[104]
Underfull \vbox (badness 1137) has occurred while \output is active []

[105]
File: QMS-EN_files/figure-latex/klankfreq-barplot-1.pdf Graphic file (type pdf)

<use QMS-EN_files/figure-latex/klankfreq-barplot-1.pdf>
[106]
File: QMS-EN_files/figure-latex/troonrede2012-hist-1.pdf Graphic file (type pdf
)
<use QMS-EN_files/figure-latex/troonrede2012-hist-1.pdf>

Underfull \hbox (badness 10000) in paragraph at lines 1970--1975

 []

[107] [108] [109] [110

]
Chapter 9.
[111] [112]
File: QMS-EN_files/figure-latex/waittime-hist-1.pdf Graphic file (type pdf)
<use QMS-EN_files/figure-latex/waittime-hist-1.pdf>
[113] [114] [115]
File: QMS-EN_files/figure-latex/centraltendencies-1.pdf Graphic file (type pdf)

<use QMS-EN_files/figure-latex/centraltendencies-1.pdf>
[116] [117] [118]
File: QMS-EN_files/figure-latex/cito-boxplot-1.pdf Graphic file (type pdf)
<use QMS-EN_files/figure-latex/cito-boxplot-1.pdf>

Underfull \vbox (badness 1694) has occurred while \output is active []

[119] [120]
Underfull \hbox (badness 1009) in paragraph at lines 2543--2554
\TU/lmr/m/n/10 standard deviation, amongst others because the MAD is less
 []

[121]
Missing character: There is no   (U+2006) in font [lmroman10-regular]:mapping=t
ex-text;!
[122] [123] [124] [125]
Underfull \hbox (badness 10000) in paragraph at lines 2826--2831

 []


Underfull \hbox (badness 10000) in paragraph at lines 2832--2833

 []


Underfull \hbox (badness 3098) in paragraph at lines 2838--2843
\TU/lmr/m/n/10 Choose \TU/lmtt/m/n/10 Options\TU/lmr/m/n/10 ; tick: \TU/lmtt/m/
n/10 Mean, Number of cases, Standard deviation,
 []


Underfull \hbox (badness 10000) in paragraph at lines 2838--2843

 []


Underfull \hbox (badness 10000) in paragraph at lines 2844--2845

 []


Underfull \hbox (badness 10000) in paragraph at lines 2850--2854

 []

[126] [127] [128]
File: QMS-EN_files/figure-latex/cito-summary-boxplot-1.pdf Graphic file (type p
df)
<use QMS-EN_files/figure-latex/cito-summary-boxplot-1.pdf>
[129]
Overfull \hbox (33.0pt too wide) in paragraph at lines 3038--3038
[]\TU/lmtt/m/n/10 ## [1] -1.1575990  0.6776189  2.3716662 -0.3105753  0.1129365
 -0.7340872[] 
 []

[130]
Chapter 10.
[131

] [132] [133]
File: QMS-EN_files/figure-latex/binomprobabilitydistribution3-1.pdf Graphic fil
e (type pdf)
<use QMS-EN_files/figure-latex/binomprobabilitydistribution3-1.pdf>

Package amsmath Warning: Foreign command \atopwithdelims;
(amsmath)                \frac or \genfrac should be used instead
(amsmath)                 on input line 3273.

[134] [135]
Underfull \hbox (badness 10000) in paragraph at lines 3279--3286

 []

[136] [137]
File: QMS-EN_files/figure-latex/binomprobabilitydistribution50n500-1.pdf Graphi
c file (type pdf)
<use QMS-EN_files/figure-latex/binomprobabilitydistribution50n500-1.pdf>
[138]
File: QMS-EN_files/figure-latex/normalprobabilitydistribution-1.pdf Graphic fil
e (type pdf)
<use QMS-EN_files/figure-latex/normalprobabilitydistribution-1.pdf>
[139] [140] [141]
File: QMS-EN_files/figure-latex/curve.dnorm-1.pdf Graphic file (type pdf)
<use QMS-EN_files/figure-latex/curve.dnorm-1.pdf>

Underfull \vbox (badness 3179) has occurred while \output is active []

[142]

LaTeX Warning: Reference `fig:itunestimeshist' on page 143 undefined on input l
ine 3641.

File: QMS-EN_files/figure-latex/itunestimeshist-1.pdf Graphic file (type pdf)
<use QMS-EN_files/figure-latex/itunestimeshist-1.pdf>

Overfull \hbox (42.53233pt too wide) has occurred while \output is active
\TU/lmr/m/sl/10 10.4.  DOES MY VARIABLE HAVE A NORMAL PROBABILITY DISTRIBUTION?
 \TU/lmr/m/n/10 143
 []

[143]
File: QMS-EN_files/figure-latex/itunestimesqqplot-1.pdf Graphic file (type pdf)

<use QMS-EN_files/figure-latex/itunestimesqqplot-1.pdf>

LaTeX Warning: Reference `fig:itunestimeshist' on page 144 undefined on input l
ine 3676.

[144] [145]
File: QMS-EN_files/figure-latex/itunesmeanshist-1.pdf Graphic file (type pdf)
<use QMS-EN_files/figure-latex/itunesmeanshist-1.pdf>
[146] [147]
File: QMS-EN_files/figure-latex/tprobabilitydistribution-1.pdf Graphic file (ty
pe pdf)
<use QMS-EN_files/figure-latex/tprobabilitydistribution-1.pdf>
[148]
File: QMS-EN_files/figure-latex/tempo95CIs-1.pdf Graphic file (type pdf)
<use QMS-EN_files/figure-latex/tempo95CIs-1.pdf>
[149] [150]
Chapter 11.
[151

]
File: QMS-EN_files/figure-latex/cito-scatter-1.pdf Graphic file (type pdf)
<use QMS-EN_files/figure-latex/cito-scatter-1.pdf>
[152]
File: QMS-EN_files/figure-latex/cor-scatter-1.pdf Graphic file (type pdf)
<use QMS-EN_files/figure-latex/cor-scatter-1.pdf>

Overfull \hbox (102.67139pt too wide) in paragraph at lines 4026--4027
 [][] 
 []

[153] [154]
Overfull \hbox (6.22702pt too wide) in paragraph at lines 4144--4148
[]\TU/lmr/m/n/10 Choose \TU/lmtt/m/n/10 Pearsons \TU/lmr/m/n/10 correlation coe
fficient, tick: \TU/lmtt/m/n/10 Flag significant correlations\TU/lmr/m/n/10 .
 []

[155] [156]
File: QMS-EN_files/figure-latex/cito-linearmodel-1.pdf Graphic file (type pdf)
<use QMS-EN_files/figure-latex/cito-linearmodel-1.pdf>
[157] [158] [159]
Underfull \hbox (badness 10000) in paragraph at lines 4344--4354
[]\TU/lmr/m/n/10 Choose \TU/lmtt/m/n/10 Dependent variable: Arithmetic \TU/lmr/
m/n/10 and choose \TU/lmtt/m/n/10 Independent
 []


Underfull \hbox (badness 2753) in paragraph at lines 4344--4354
\TU/lmtt/m/n/10 variable: Reading\TU/lmr/m/n/10 . Under the button \TU/lmtt/m/n
/10 Statistics\TU/lmr/m/n/10 , tick \TU/lmtt/m/n/10 Model fit\TU/lmr/m/n/10 ,
 []

[160] [161] [162] [163]
Underfull \hbox (badness 2426) in paragraph at lines 4555--4560
[]\TU/lmr/m/n/10 Choose \TU/lmtt/m/n/10 Spearman \TU/lmr/m/n/10 rank correlatio
n coefficient, tick: \TU/lmtt/m/n/10 Flag significant
 []


Overfull \hbox (75.0pt too wide) in paragraph at lines 4585--4585
[]\TU/lmtt/m/n/10 ## Warning in cor.test.default(Reading, Arithmetic, method = 
"spearman"): Cannot[] 
 []

[164] [165] [166] [167]
Underfull \hbox (badness 2020) in paragraph at lines 4755--4757
\TU/lmtt/m/n/10 ifElse(Arithmetic < mean(Arithmetic), 0, 1)\TU/lmr/m/n/10 , and
 this expression is
 []

[168]
File: figures/correlation.png Graphic file (type bmp)
<figures/correlation.png>

Overfull \hbox (69.59627pt too wide) in paragraph at lines 4834--4835
 [][] 
 []

[169] [170]
Chapter 12.
[171

] [172] [173]
Underfull \hbox (badness 10000) in paragraph at lines 5002--5006

 []

Missing character: There is no   (U+2006) in font [lmroman10-regular]:mapping=t
ex-text;!
Missing character: There is no   (U+2006) in font [lmroman10-regular]:mapping=t
ex-text;!
Missing character: There is no   (U+2006) in font [lmroman10-regular]:mapping=t
ex-text;!
[174]
Underfull \hbox (badness 10000) in paragraph at lines 5052--5054

 []

[175] [176] [177] [178] [179] [180]
Underfull \hbox (badness 10000) in paragraph at lines 5394--5397

 []


Underfull \hbox (badness 1430) in paragraph at lines 5402--5414
\TU/lmr/m/n/10 As Scale label, fill in an indication of the construct, e.g. \TU
/lmtt/m/n/10 language
 []


Underfull \hbox (badness 2376) in paragraph at lines 5402--5414
\TU/lmtt/m/n/10 deleted\TU/lmr/m/n/10 , Inter-Item \TU/lmtt/m/n/10 Correlations
\TU/lmr/m/n/10 , Summaries \TU/lmtt/m/n/10 Means, Variances\TU/lmr/m/n/10 , and

 []

[181]
Underfull \hbox (badness 10000) in paragraph at lines 5427--5429

 []

[182]
Underfull \hbox (badness 10000) in paragraph at lines 5456--5458

 []


Overfull \hbox (48.75pt too wide) in paragraph at lines 5470--5470
[]\TU/lmtt/m/n/10 ## Number of categories should be increased  in order to coun
t frequencies.[] 
 []


Overfull \hbox (17.25pt too wide) in paragraph at lines 5496--5496
[]\TU/lmtt/m/n/10 ##   raw_alpha std.alpha G6(smc) average_r S/N  ase mean  sd 
median_r[] 
 []


Overfull \hbox (12.0pt too wide) in paragraph at lines 5496--5496
[]\TU/lmtt/m/n/10 ##       0.68      0.68    0.74      0.41 2.1 0.17   72 4.6  
   0.41[] 
 []


Overfull \hbox (17.25pt too wide) in paragraph at lines 5496--5496
[]\TU/lmtt/m/n/10 ##    raw_alpha std.alpha G6(smc) average_r  S/N alpha se var
.r med.r[] 
 []


Overfull \hbox (17.25pt too wide) in paragraph at lines 5496--5496
[]\TU/lmtt/m/n/10 ## B1      0.15      0.16   0.088     0.088 0.19    0.497    
NA 0.088[] 
 []


Overfull \hbox (17.25pt too wide) in paragraph at lines 5496--5496
[]\TU/lmtt/m/n/10 ## B2      0.58      0.58   0.410     0.410 1.39    0.264    
NA 0.410[] 
 []


Overfull \hbox (17.25pt too wide) in paragraph at lines 5496--5496
[]\TU/lmtt/m/n/10 ## B3      0.84      0.85   0.745     0.745 5.84    0.095    
NA 0.745[] 
 []

[183] [184] [185

] [186]
Chapter 13.
[187

]
File: QMS-EN_files/figure-latex/gramm2013onesample-1.pdf Graphic file (type pdf
)
<use QMS-EN_files/figure-latex/gramm2013onesample-1.pdf>
[188]
LaTeX Font Info:    Font shape `TU/latinmodern-math.otf(1)/m/n' will be
(Font)              scaled to size 14.4pt on input line 5648.
LaTeX Font Info:    Font shape `TU/latinmodern-math.otf(2)/m/n' will be
(Font)              scaled to size 14.4013pt on input line 5648.
LaTeX Font Info:    Font shape `TU/latinmodern-math.otf(3)/m/n' will be
(Font)              scaled to size 14.39845pt on input line 5648.
[189] [190]
Overfull \hbox (11.53001pt too wide) in paragraph at lines 5766--5767
\TU/lmr/m/n/10 The above discussed data can be found in the file \TU/lmtt/m/n/1
0 data/grammaticatoets2013.csv\TU/lmr/m/n/10 . 
 []

[191]
Overfull \hbox (11.53001pt too wide) in paragraph at lines 5799--5800
\TU/lmr/m/n/10 The above discussed data can be found in the file \TU/lmtt/m/n/1
0 data/grammaticatoets2013.csv\TU/lmr/m/n/10 . 
 []

[192] [193] [194]
File: QMS-EN_files/figure-latex/gramm2013CIs-1.pdf Graphic file (type pdf)
<use QMS-EN_files/figure-latex/gramm2013CIs-1.pdf>
[195] [196] [197]
Missing character: There is no   (U+2006) in font [lmroman10-regular]:mapping=t
ex-text;!
Missing character: There is no   (U+2006) in font [lmroman10-regular]:mapping=t
ex-text;!
Missing character: There is no   (U+2006) in font [lmroman10-regular]:mapping=t
ex-text;!

Underfull \vbox (badness 1874) has occurred while \output is active []

[198] [199] [200] [201]
Overfull \hbox (17.25pt too wide) in paragraph at lines 6288--6288
[]\TU/lmtt/m/n/10 ## alternative hypothesis: true difference in means is not eq
ual to 0[] 
 []

[202] [203] [204] [205]
Missing character: There is no   (U+2006) in font [lmroman10-regular]:mapping=t
ex-text;!
Missing character: There is no   (U+2006) in font [lmroman10-regular]:mapping=t
ex-text;!
[206]
File: QMS-EN_files/figure-latex/smallestsignifdifference-1.pdf Graphic file (ty
pe pdf)
<use QMS-EN_files/figure-latex/smallestsignifdifference-1.pdf>
[207] [208] [209]
Underfull \hbox (badness 10000) in paragraph at lines 6699--6701

 []

[210]
Underfull \hbox (badness 10000) in paragraph at lines 6812--6815

 []

[211] [212]
Chapter 14.
[213

]
File: QMS-EN_files/figure-latex/powercontours-alpha01-1.pdf Graphic file (type 
pdf)
<use QMS-EN_files/figure-latex/powercontours-alpha01-1.pdf>
File: QMS-EN_files/figure-latex/powercontours-alpha05-1.pdf Graphic file (type 
pdf)
<use QMS-EN_files/figure-latex/powercontours-alpha05-1.pdf>

Underfull \vbox (badness 10000) has occurred while \output is active []

[214] [215] [216]
Underfull \hbox (badness 1194) in paragraph at lines 7010--7010
[]\TU/lmr/bx/n/14.4 Relation between significance level and
 []

[217]
File: QMS-EN_files/figure-latex/underpoweredeffectsizes-1.pdf Graphic file (typ
e pdf)
<use QMS-EN_files/figure-latex/underpoweredeffectsizes-1.pdf>
[218] [219] [220

]
Chapter 15.
[221]
File: QMS-EN_files/figure-latex/sylduration-boxplot-1.pdf Graphic file (type pd
f)
<use QMS-EN_files/figure-latex/sylduration-boxplot-1.pdf>
[222] [223] [224]

LaTeX Warning: Reference `fig:colours-obs' on page 225 undefined on input line 
7334.

File: QMS-EN_files/figure-latex/colours-obs-1.pdf Graphic file (type pdf)
<use QMS-EN_files/figure-latex/colours-obs-1.pdf>

LaTeX Warning: Reference `fig:colours-obs' on page 225 undefined on input line 
7346.


Underfull \vbox (badness 10000) has occurred while \output is active []

[225]

LaTeX Warning: Reference `fig:colours-obs' on page 226 undefined on input line 
7377.

[226] [227]

LaTeX Warning: Reference `fig:colours-obs' on page 228 undefined on input line 
7494.


LaTeX Warning: Reference `fig:colours-obs' on page 228 undefined on input line 
7494.

[228] [229]

LaTeX Warning: Reference `fig:colours-obs' on page 230 undefined on input line 
7566.


LaTeX Warning: Reference `fig:colours-obs' on page 230 undefined on input line 
7620.


LaTeX Warning: Reference `fig:colours-obs' on page 230 undefined on input line 
7620.

[230] [231]

LaTeX Warning: Reference `fig:colours-obs' on page 232 undefined on input line 
7721.

[232]
Underfull \hbox (badness 10000) in paragraph at lines 7748--7752

 []


Underfull \hbox (badness 10000) in paragraph at lines 7782--7800

 []

[233]

LaTeX Warning: Reference `fig:colours-obs' on page 234 undefined on input line 
7844.

[234] [235]

LaTeX Warning: Reference `fig:colours-obs' on page 236 undefined on input line 
7900.

[236] [237] [238] [239]
File: figures/DBE2012interaction_v2.png Graphic file (type bmp)
<figures/DBE2012interaction_v2.png>
[240] [241] [242] [243] [244] [245]
Overfull \hbox (59.25pt too wide) in paragraph at lines 8398--8398
[]\TU/lmtt/m/n/10 ##                                      diff         lwr     
   upr     p adj[] 
 []


Overfull \hbox (59.25pt too wide) in paragraph at lines 8398--8398
[]\TU/lmtt/m/n/10 ## zonder:zwak-met:zwak           -4.1333333 -5.60315087 -2.6
635158 0.0000000[] 
 []


Overfull \hbox (59.25pt too wide) in paragraph at lines 8398--8398
[]\TU/lmtt/m/n/10 ## met:gemiddeld-met:zwak         -0.1461538 -1.27642935  0.9
841217 0.9989799[] 
 []


Overfull \hbox (59.25pt too wide) in paragraph at lines 8398--8398
[]\TU/lmtt/m/n/10 ## zonder:gemiddeld-met:zwak      -2.1571429 -3.27255218 -1.0
417335 0.0000031[] 
 []


Overfull \hbox (59.25pt too wide) in paragraph at lines 8398--8398
[]\TU/lmtt/m/n/10 ## met:sterk-met:zwak              1.4222222 -0.04759532  2.8
920398 0.0637117[] 
 []


Overfull \hbox (59.25pt too wide) in paragraph at lines 8398--8398
[]\TU/lmtt/m/n/10 ## zonder:sterk-met:zwak           0.7714286 -0.82423518  2.3
670923 0.7218038[] 
 []


Overfull \hbox (59.25pt too wide) in paragraph at lines 8398--8398
[]\TU/lmtt/m/n/10 ## met:gemiddeld-zonder:zwak       3.9871795  2.63899048  5.3
353685 0.0000000[] 
 []


Overfull \hbox (59.25pt too wide) in paragraph at lines 8398--8398
[]\TU/lmtt/m/n/10 ## zonder:gemiddeld-zonder:zwak    1.9761905  0.64044018  3.3
119408 0.0005900[] 
 []


Overfull \hbox (59.25pt too wide) in paragraph at lines 8398--8398
[]\TU/lmtt/m/n/10 ## met:sterk-zonder:zwak           5.5555556  3.91224959  7.1
988615 0.0000000[] 
 []


Overfull \hbox (59.25pt too wide) in paragraph at lines 8398--8398
[]\TU/lmtt/m/n/10 ## zonder:sterk-zonder:zwak        4.9047619  3.14799393  6.6
615299 0.0000000[] 
 []


Overfull \hbox (59.25pt too wide) in paragraph at lines 8398--8398
[]\TU/lmtt/m/n/10 ## zonder:gemiddeld-met:gemiddeld -2.0109890 -2.96040355 -1.0
615745 0.0000003[] 
 []


Overfull \hbox (59.25pt too wide) in paragraph at lines 8398--8398
[]\TU/lmtt/m/n/10 ## met:sterk-met:gemiddeld         1.5683761  0.22018706  2.9
165651 0.0130213[] 
 []


Overfull \hbox (59.25pt too wide) in paragraph at lines 8398--8398
[]\TU/lmtt/m/n/10 ## zonder:sterk-met:gemiddeld      0.9175824 -0.56680056  2.4
019654 0.4704754[] 
 []


Overfull \hbox (59.25pt too wide) in paragraph at lines 8398--8398
[]\TU/lmtt/m/n/10 ## met:sterk-zonder:gemiddeld      3.5793651  2.24361478  4.9
151154 0.0000000[] 
 []


Overfull \hbox (59.25pt too wide) in paragraph at lines 8398--8398
[]\TU/lmtt/m/n/10 ## zonder:sterk-zonder:gemiddeld   2.9285714  1.45547670  4.4
016662 0.0000016[] 
 []


Overfull \hbox (59.25pt too wide) in paragraph at lines 8398--8398
[]\TU/lmtt/m/n/10 ## zonder:sterk-met:sterk         -0.6507937 -2.40756162  1.1
059743 0.8883523[] 
 []

[246] [247] [248

]
Chapter 16.
[249]
Underfull \vbox (badness 10000) has occurred while \output is active []

[250]
Overfull \hbox (72.13423pt too wide) has occurred while \output is active
\TU/lmr/m/sl/10 16.4.  $[][]$ TEST FOR ASSOCIATION BETWEEN TWO VARIABLES IN SIN
GLE SAMPLE \TU/lmr/m/n/10 251
 []

[251] [252]
Underfull \vbox (badness 2368) has occurred while \output is active []

[253] [254] [255] [256] [257]
Overfull \hbox (33.0pt too wide) in paragraph at lines 8853--8853
[]\TU/lmtt/m/n/10 ## [1]  1.2649111 -0.3162278  0.3162278  0.0000000  1.5811388
 -2.8460499[] 
 []


Overfull \hbox (33.0pt too wide) in paragraph at lines 8873--8873
[]\TU/lmtt/m/n/10 ## [1]  1.3856406 -0.3464102  0.3464102  0.0000000  1.7320508
 -3.1176915[] 
 []

[258]
Overfull \hbox (29.9901pt too wide) in alignment at lines 8942--8951
 [] [] [] [] [] [] [] 
 []


Overfull \hbox (29.9901pt too wide) in alignment at lines 8951--8955
 [] [] [] [] [] [] [] 
 []


Overfull \hbox (29.9901pt too wide) in alignment at lines 8955--8957
 [] [] [] [] [] [] [] 
 []


Overfull \hbox (29.9901pt too wide) in alignment at lines 8957--8961
 [] [] [] [] [] [] [] 
 []

[259] [260]
Chapter 17.
[261

] [262] [263] [264] [265] [266]
Appendix A.
[267

] [268]
Appendix B.
File: QMS-EN_files/figure-latex/kritiekeZwaarden-hulpfiguur-1.pdf Graphic file 
(type pdf)
<use QMS-EN_files/figure-latex/kritiekeZwaarden-hulpfiguur-1.pdf>

Underfull \vbox (badness 1558) has occurred while \output is active []

[269

] [270]
Appendix C.
LaTeX Font Info:    Font shape `TU/latinmodern-math.otf(1)/m/n' will be
(Font)              scaled to size 24.88pt on input line 9348.
LaTeX Font Info:    Font shape `TU/latinmodern-math.otf(1)/m/n' will be
(Font)              scaled to size 20.74pt on input line 9348.
LaTeX Font Info:    Font shape `TU/latinmodern-math.otf(1)/m/n' will be
(Font)              scaled to size 17.28pt on input line 9348.
LaTeX Font Info:    Font shape `TU/latinmodern-math.otf(2)/m/n' will be
(Font)              scaled to size 24.88228pt on input line 9348.
LaTeX Font Info:    Font shape `TU/latinmodern-math.otf(2)/m/n' will be
(Font)              scaled to size 20.7419pt on input line 9348.
LaTeX Font Info:    Font shape `TU/latinmodern-math.otf(2)/m/n' will be
(Font)              scaled to size 17.28157pt on input line 9348.
LaTeX Font Info:    Font shape `TU/latinmodern-math.otf(3)/m/n' will be
(Font)              scaled to size 24.87733pt on input line 9348.
LaTeX Font Info:    Font shape `TU/latinmodern-math.otf(3)/m/n' will be
(Font)              scaled to size 20.73778pt on input line 9348.
LaTeX Font Info:    Font shape `TU/latinmodern-math.otf(3)/m/n' will be
(Font)              scaled to size 17.27815pt on input line 9348.
File: QMS-EN_files/figure-latex/criticaltvalues-auxiliaryfigure-1.pdf Graphic f
ile (type pdf)
<use QMS-EN_files/figure-latex/criticaltvalues-auxiliaryfigure-1.pdf>

Overfull \hbox (19.32014pt too wide) in paragraph at lines 9360--9405
[][] 
 []


Underfull \vbox (badness 10000) has occurred while \output is active []

[271

] [272]
Appendix D.
File: QMS-EN_files/figure-latex/criticalchi2values-auxiliaryfigure-1.pdf Graphi
c file (type pdf)
<use QMS-EN_files/figure-latex/criticalchi2values-auxiliaryfigure-1.pdf>

Overfull \hbox (17.80014pt too wide) in paragraph at lines 9415--9458
[][] 
 []

(./QMS-EN.bbl
Underfull \vbox (badness 10000) has occurred while \output is active []

[273

] [274] [275

] [276] [277] [278] [279]) [280] (./QMS-EN.aux)
 ***********
LaTeX2e <2023-11-01> patch level 1
L3 programming layer <2024-02-20>
 ***********

LaTeX Warning: There were undefined references.


LaTeX Warning: There were multiply-defined labels.

 ) 
Here is how much of TeX's memory you used:
 20625 strings out of 474773
 385079 string characters out of 5757724
 1954839 words of memory out of 5000000
 42440 multiletter control sequences out of 15000+600000
 568444 words of font info for 123 fonts, out of 8000000 for 9000
 1348 hyphenation exceptions out of 8191
 90i,10n,121p,1879b,601s stack positions out of 10000i,1000n,20000p,200000b,200000s

Output written on QMS-EN.pdf (280 pages).
